================================================================================
Feature Set Comparison Analysis
================================================================================
Models: gru, tcn, patchtst
Regions: Toronto, Ottawa
Feature Sets: F0, F1, F2, F3
Fold: 0
================================================================================

Loading OOD metrics...
✅ Loaded 24 configurations

Finding best feature sets...
✅ Found best configurations for 6 model-region pairs

✅ Detailed comparison saved to /usr/local/data/elisejzh/Projects/Mine/Causal_Electricity_Consumption_Forecast/outputs/ood_analysis/feature_set_comparison/feature_sets_comparison_fold0.csv
✅ Best configurations saved to /usr/local/data/elisejzh/Projects/Mine/Causal_Electricity_Consumption_Forecast/outputs/ood_analysis/feature_set_comparison/best_feature_sets_fold0.csv

Generating visualizations...
✅ Visualizations saved to /usr/local/data/elisejzh/Projects/Mine/Causal_Electricity_Consumption_Forecast/outputs/ood_analysis/feature_set_comparison/

Generating summary report...
✅ Summary report saved to /usr/local/data/elisejzh/Projects/Mine/Causal_Electricity_Consumption_Forecast/outputs/ood_analysis/feature_set_comparison/feature_sets_summary_fold0.txt

================================================================================
Analysis Complete!
================================================================================

Results saved in: /usr/local/data/elisejzh/Projects/Mine/Causal_Electricity_Consumption_Forecast/outputs/ood_analysis/feature_set_comparison/
  - feature_sets_comparison_fold0.csv
  - best_feature_sets_fold0.csv
  - feature_sets_summary_fold0.txt
  - feature_sets_comparison_mape.png
  - feature_sets_ranking_heatmap.png
  - best_feature_set_performance.png

